5330cd28b2ab
*** Found local files:
***   * /opt/airflow/logs/dag_id=ingests_reddit/run_id=manual__2024-01-30T04:31:00.177701+00:00/task_id=ingests_reddit/attempt=1.log
[2024-01-30T04:31:09.101+0000] {taskinstance.py:1956} INFO - Dependencies all met for dep_context=non-requeueable deps ti=<TaskInstance: ingests_reddit.ingests_reddit manual__2024-01-30T04:31:00.177701+00:00 [queued]>
[2024-01-30T04:31:09.124+0000] {taskinstance.py:1956} INFO - Dependencies all met for dep_context=requeueable deps ti=<TaskInstance: ingests_reddit.ingests_reddit manual__2024-01-30T04:31:00.177701+00:00 [queued]>
[2024-01-30T04:31:09.125+0000] {taskinstance.py:2170} INFO - Starting attempt 1 of 2
[2024-01-30T04:31:09.254+0000] {taskinstance.py:2191} INFO - Executing <Task(PythonOperator): ingests_reddit> on 2024-01-30 04:31:00.177701+00:00
[2024-01-30T04:31:09.259+0000] {standard_task_runner.py:60} INFO - Started process 773 to run task
[2024-01-30T04:31:09.263+0000] {standard_task_runner.py:87} INFO - Running: ['airflow', 'tasks', 'run', 'ingests_reddit', 'ingests_reddit', 'manual__2024-01-30T04:31:00.177701+00:00', '--job-id', '26', '--raw', '--subdir', 'DAGS_FOLDER/ingests_reddit.py', '--cfg-path', '/tmp/tmpoerszoin']
[2024-01-30T04:31:09.265+0000] {standard_task_runner.py:88} INFO - Job 26: Subtask ingests_reddit
[2024-01-30T04:31:09.435+0000] {task_command.py:423} INFO - Running <TaskInstance: ingests_reddit.ingests_reddit manual__2024-01-30T04:31:00.177701+00:00 [running]> on host 5330cd28b2ab
[2024-01-30T04:31:09.739+0000] {taskinstance.py:2480} INFO - Exporting env vars: AIRFLOW_CTX_DAG_OWNER='nwo' AIRFLOW_CTX_DAG_ID='ingests_reddit' AIRFLOW_CTX_TASK_ID='ingests_reddit' AIRFLOW_CTX_EXECUTION_DATE='2024-01-30T04:31:00.177701+00:00' AIRFLOW_CTX_TRY_NUMBER='1' AIRFLOW_CTX_DAG_RUN_ID='manual__2024-01-30T04:31:00.177701+00:00'
[2024-01-30T04:31:11.116+0000] {logging_mixin.py:188} INFO - Downloading file 2024-01-28.zst
[2024-01-30T04:31:11.846+0000] {base.py:83} INFO - Using connection ID 'mongo_conn_id' for task execution.
[2024-01-30T04:31:13.540+0000] {logging_mixin.py:188} INFO - Connected to MongoDB - {'version': '6.0.13', 'gitVersion': '3b13907f9bdf6bd3264d67140d6c215d51bbd20c', 'modules': ['enterprise'], 'allocator': 'tcmalloc', 'javascriptEngine': 'mozjs', 'sysInfo': 'deprecated', 'versionArray': [6, 0, 13, 0], 'bits': 64, 'debug': False, 'maxBsonObjectSize': 16777216, 'storageEngines': ['devnull', 'ephemeralForTest', 'inMemory', 'queryable_wt', 'wiredTiger'], 'ok': 1.0, '$clusterTime': {'clusterTime': Timestamp(1706589073, 5), 'signature': {'hash': b'I*H\xeb7X\xb6\x14|\x82\x8bZ\x01"v\xa0\x8c\xca\x17\xf2', 'keyId': 7279425119485689885}}, 'operationTime': Timestamp(1706589073, 5)}
[2024-01-30T04:31:21.103+0000] {logging_mixin.py:188} INFO - Inserted 975 records
[2024-01-30T04:31:21.115+0000] {python.py:201} INFO - Done. Returned value was: None
[2024-01-30T04:31:21.132+0000] {taskinstance.py:1138} INFO - Marking task as SUCCESS. dag_id=ingests_reddit, task_id=ingests_reddit, execution_date=20240130T043100, start_date=20240130T043109, end_date=20240130T043121
[2024-01-30T04:31:21.321+0000] {local_task_job_runner.py:234} INFO - Task exited with return code 0
[2024-01-30T04:31:21.344+0000] {taskinstance.py:3280} INFO - 0 downstream tasks scheduled from follow-on schedule check
